TN:
SF:dist/routerPaths.js
FNF:0
FNH:0
DA:1,1
DA:2,1
DA:3,1
DA:4,1
DA:5,1
DA:6,1
DA:7,1
DA:8,1
LF:8
LH:8
BRF:0
BRH:0
end_of_record
TN:
SF:dist/settings.js
FN:2,Object.<anonymous>.__importDefault
FNF:1
FNH:1
FNDA:4,Object.<anonymous>.__importDefault
DA:1,1
DA:2,1
DA:3,4
DA:4,4
DA:5,1
DA:6,1
DA:7,1
DA:8,1
DA:9,1
DA:10,1
DA:11,1
DA:12,1
DA:13,1
DA:14,1
DA:15,1
DA:16,1
DA:17,1
DA:18,1
DA:19,1
LF:19
LH:19
BRDA:2,0,0,4
BRDA:3,1,0,0
BRF:2
BRH:1
end_of_record
TN:
SF:dist/db/db.js
FN:2,Object.<anonymous>.__awaiter
FN:11,Object.<anonymous>.__importDefault
FN:27,runDb
FNF:3
FNH:1
FNDA:0,Object.<anonymous>.__awaiter
FNDA:2,Object.<anonymous>.__importDefault
FNDA:0,runDb
DA:1,1
DA:2,1
DA:3,0
DA:4,0
DA:5,0
DA:6,0
DA:7,0
DA:8,0
DA:9,0
DA:10,0
DA:11,1
DA:12,2
DA:13,2
DA:14,1
DA:15,1
DA:16,1
DA:17,1
DA:18,1
DA:19,1
DA:20,1
DA:21,1
DA:22,0
DA:23,0
DA:24,1
DA:25,1
DA:26,1
DA:27,1
DA:28,0
DA:29,0
DA:30,0
DA:31,0
DA:32,0
DA:33,0
DA:34,0
DA:35,0
DA:36,1
DA:37,1
LF:37
LH:19
BRDA:21,0,0,0
BRDA:11,1,0,2
BRDA:12,2,0,0
BRF:3
BRH:1
end_of_record
TN:
SF:dist/domain/blog-service.js
FN:2,Object.<anonymous>.__awaiter
FN:3,adopt
FN:5,fulfilled
FN:6,rejected
FN:7,step
FN:16,findAllBlogs
FN:21,findBlogById
FN:26,createBlog
FN:33,updateBlog
FN:38,deleteBlog
FN:43,deleteAllBlogs
FNF:11
FNH:10
FNDA:11,Object.<anonymous>.__awaiter
FNDA:11,adopt
FNDA:10,fulfilled
FNDA:1,rejected
FNDA:21,step
FNDA:3,findAllBlogs
FNDA:2,findBlogById
FNDA:3,createBlog
FNDA:2,updateBlog
FNDA:1,deleteBlog
FNDA:0,deleteAllBlogs
DA:1,1
DA:2,1
DA:3,11
DA:4,11
DA:5,11
DA:6,11
DA:7,11
DA:8,11
DA:9,11
DA:10,11
DA:11,1
DA:12,1
DA:13,1
DA:14,1
DA:15,1
DA:16,1
DA:17,3
DA:18,3
DA:19,3
DA:20,1
DA:21,1
DA:22,2
DA:23,2
DA:24,2
DA:25,1
DA:26,1
DA:27,3
DA:28,3
DA:29,3
DA:30,3
DA:31,3
DA:32,1
DA:33,1
DA:34,2
DA:35,2
DA:36,2
DA:37,1
DA:38,1
DA:39,1
DA:40,1
DA:41,1
DA:42,1
DA:43,1
DA:44,0
DA:45,0
DA:46,0
DA:47,0
DA:48,1
LF:48
LH:44
BRDA:2,0,0,11
BRDA:3,1,0,11
BRDA:3,2,0,0
BRDA:4,3,0,11
BRDA:5,4,0,10
BRDA:5,5,0,0
BRDA:6,6,0,1
BRDA:7,7,0,21
BRDA:7,8,0,10
BRDA:7,9,0,11
BRDA:16,10,0,3
BRDA:17,11,0,3
BRDA:21,12,0,2
BRDA:22,13,0,2
BRDA:26,14,0,3
BRDA:27,15,0,3
BRDA:33,16,0,2
BRDA:34,17,0,2
BRDA:38,18,0,1
BRDA:39,19,0,1
BRF:20
BRH:18
end_of_record
TN:
SF:dist/domain/post-service.js
FN:2,Object.<anonymous>.__awaiter
FN:3,adopt
FN:5,fulfilled
FN:6,rejected
FN:7,step
FN:17,findAllPosts
FN:22,findPostById
FN:27,createPost
FN:37,updatePost
FN:42,deletePost
FN:47,deleteAllPosts
FNF:11
FNH:6
FNDA:2,Object.<anonymous>.__awaiter
FNDA:3,adopt
FNDA:3,fulfilled
FNDA:0,rejected
FNDA:5,step
FNDA:0,findAllPosts
FNDA:1,findPostById
FNDA:1,createPost
FNDA:0,updatePost
FNDA:0,deletePost
FNDA:0,deleteAllPosts
DA:1,1
DA:2,1
DA:3,2
DA:4,2
DA:5,2
DA:6,2
DA:7,2
DA:8,2
DA:9,2
DA:10,2
DA:11,1
DA:12,1
DA:13,1
DA:14,1
DA:15,1
DA:16,1
DA:17,1
DA:18,0
DA:19,0
DA:20,0
DA:21,1
DA:22,1
DA:23,1
DA:24,1
DA:25,1
DA:26,1
DA:27,1
DA:28,1
DA:29,1
DA:30,1
DA:31,1
DA:32,1
DA:33,1
DA:34,1
DA:35,1
DA:36,1
DA:37,1
DA:38,0
DA:39,0
DA:40,0
DA:41,1
DA:42,1
DA:43,0
DA:44,0
DA:45,0
DA:46,1
DA:47,1
DA:48,0
DA:49,0
DA:50,0
DA:51,0
DA:52,1
LF:52
LH:39
BRDA:2,0,0,2
BRDA:3,1,0,3
BRDA:3,2,0,0
BRDA:4,3,0,2
BRDA:5,4,0,3
BRDA:5,5,0,0
BRDA:7,6,0,5
BRDA:7,7,0,2
BRDA:7,8,0,3
BRDA:22,9,0,1
BRDA:23,10,0,1
BRDA:27,11,0,1
BRDA:28,12,0,1
BRDA:31,13,0,0
BRF:14
BRH:11
end_of_record
TN:
SF:dist/middlewares/input-validation-middleware.js
FN:6,authorizationValidation
FN:16,inputValidationErrors
FNF:2
FNH:2
FNDA:13,authorizationValidation
FNDA:9,inputValidationErrors
DA:1,1
DA:2,1
DA:3,1
DA:4,1
DA:5,1
DA:6,1
DA:7,13
DA:8,13
DA:9,13
DA:10,10
DA:11,13
DA:12,13
DA:13,9
DA:14,9
DA:15,1
DA:16,1
DA:17,9
DA:18,6
DA:19,6
DA:20,9
DA:21,9
DA:22,2
DA:23,2
DA:24,2
DA:25,2
DA:26,7
DA:27,7
DA:28,7
DA:29,9
DA:30,1
LF:30
LH:30
BRDA:6,0,0,13
BRDA:9,1,0,3
BRDA:9,2,0,10
BRDA:12,3,0,1
BRDA:12,4,0,9
BRDA:16,5,0,9
BRDA:21,6,0,2
BRDA:26,7,0,7
BRDA:17,8,0,6
BRF:9
BRH:9
end_of_record
TN:
SF:dist/middlewares/validations/blogs.validation.js
FNF:0
FNH:0
DA:1,1
DA:2,1
DA:3,1
DA:4,1
DA:5,1
DA:6,1
DA:7,1
DA:8,1
DA:9,1
DA:10,1
DA:11,1
DA:12,1
DA:13,1
DA:14,1
DA:15,1
DA:16,1
DA:17,1
DA:18,1
DA:19,1
DA:20,1
DA:21,1
DA:22,1
DA:23,1
DA:24,1
DA:25,1
DA:26,1
LF:26
LH:26
BRF:0
BRH:0
end_of_record
TN:
SF:dist/middlewares/validations/posts.validation.js
FN:2,Object.<anonymous>.__awaiter
FN:3,adopt
FN:5,fulfilled
FN:6,rejected
FN:7,step
FNF:5
FNH:4
FNDA:1,Object.<anonymous>.__awaiter
FNDA:1,adopt
FNDA:1,fulfilled
FNDA:0,rejected
FNDA:2,step
DA:1,1
DA:2,1
DA:3,1
DA:4,1
DA:5,1
DA:6,1
DA:7,1
DA:8,1
DA:9,1
DA:10,1
DA:11,1
DA:12,1
DA:13,1
DA:14,1
DA:15,1
DA:16,1
DA:17,1
DA:18,1
DA:19,1
DA:20,1
DA:21,1
DA:22,1
DA:23,1
DA:24,1
DA:25,1
DA:26,1
DA:27,1
DA:28,1
DA:29,1
DA:30,1
DA:31,1
DA:32,1
DA:33,1
DA:34,1
DA:35,1
DA:36,1
DA:37,1
DA:38,1
DA:39,1
DA:40,1
DA:41,0
DA:42,0
DA:43,1
DA:44,1
DA:45,1
DA:46,1
DA:47,1
LF:47
LH:45
BRDA:2,0,0,1
BRDA:3,1,0,1
BRDA:3,2,0,0
BRDA:4,3,0,1
BRDA:5,4,0,1
BRDA:5,5,0,0
BRDA:7,6,0,2
BRDA:7,7,0,1
BRDA:7,8,0,1
BRDA:38,9,0,1
BRDA:38,10,0,1
BRDA:40,11,0,0
BRF:12
BRH:9
end_of_record
TN:
SF:dist/query repozitory/queryRepository.js
FN:2,Object.<anonymous>.__awaiter
FN:3,adopt
FN:5,fulfilled
FN:6,rejected
FN:7,step
FN:16,_postMapper
FN:28,findAllPostsByBlogId
FN:35,findAllPosts
FN:41,_findPostsByFilter
FN:59,findPostById
FNF:10
FNH:3
FNDA:1,Object.<anonymous>.__awaiter
FNDA:0,adopt
FNDA:0,fulfilled
FNDA:0,rejected
FNDA:1,step
FNDA:0,_postMapper
FNDA:0,findAllPostsByBlogId
FNDA:0,findAllPosts
FNDA:0,_findPostsByFilter
FNDA:1,findPostById
DA:1,1
DA:2,1
DA:3,1
DA:4,1
DA:5,1
DA:6,1
DA:7,1
DA:8,1
DA:9,1
DA:10,1
DA:11,1
DA:12,1
DA:13,1
DA:14,1
DA:15,1
DA:16,1
DA:17,0
DA:18,0
DA:19,0
DA:20,0
DA:21,0
DA:22,0
DA:23,0
DA:24,0
DA:25,0
DA:26,1
DA:27,1
DA:28,1
DA:29,0
DA:30,0
DA:31,0
DA:32,0
DA:33,1
DA:34,1
DA:35,1
DA:36,0
DA:37,0
DA:38,0
DA:39,0
DA:40,1
DA:41,1
DA:42,0
DA:43,0
DA:44,0
DA:45,0
DA:46,0
DA:47,0
DA:48,0
DA:49,0
DA:50,0
DA:51,0
DA:52,0
DA:53,0
DA:54,0
DA:55,0
DA:56,0
DA:57,0
DA:58,1
DA:59,1
DA:60,1
DA:61,1
DA:62,1
DA:63,1
DA:64,0
DA:65,0
DA:66,0
DA:67,0
DA:68,0
DA:69,0
DA:70,1
DA:71,1
DA:72,1
LF:72
LH:33
BRDA:2,0,0,1
BRDA:4,1,0,1
BRDA:7,2,0,1
BRDA:7,3,0,0
BRDA:59,4,0,1
BRDA:60,5,0,1
BRDA:63,6,0,0
BRF:7
BRH:5
end_of_record
TN:
SF:dist/repositories/blogs-repository.js
FN:2,Object.<anonymous>.__awaiter
FN:3,adopt
FN:5,fulfilled
FN:6,rejected
FN:7,step
FN:16,_blogMapper
FN:27,findAllBlogs
FN:48,findBlogById
FN:58,createBlog
FN:65,updateBlog
FN:76,deleteBlog
FN:86,deleteAllBlogs
FNF:12
FNH:11
FNDA:16,Object.<anonymous>.__awaiter
FNDA:15,adopt
FNDA:15,fulfilled
FNDA:0,rejected
FNDA:30,step
FNDA:10,_blogMapper
FNDA:3,findAllBlogs
FNDA:6,findBlogById
FNDA:3,createBlog
FNDA:2,updateBlog
FNDA:1,deleteBlog
FNDA:1,deleteAllBlogs
DA:1,1
DA:2,1
DA:3,16
DA:4,16
DA:5,16
DA:6,16
DA:7,16
DA:8,16
DA:9,16
DA:10,16
DA:11,1
DA:12,1
DA:13,1
DA:14,1
DA:15,1
DA:16,1
DA:17,10
DA:18,10
DA:19,10
DA:20,10
DA:21,10
DA:22,10
DA:23,10
DA:24,10
DA:25,1
DA:26,1
DA:27,1
DA:28,3
DA:29,3
DA:30,3
DA:31,3
DA:32,3
DA:33,3
DA:34,3
DA:35,3
DA:36,3
DA:37,3
DA:38,3
DA:39,3
DA:40,3
DA:41,3
DA:42,3
DA:43,3
DA:44,3
DA:45,3
DA:46,1
DA:47,1
DA:48,1
DA:49,6
DA:50,6
DA:51,6
DA:52,0
DA:53,0
DA:54,5
DA:55,6
DA:56,1
DA:57,1
DA:58,1
DA:59,3
DA:60,3
DA:61,3
DA:62,3
DA:63,1
DA:64,1
DA:65,1
DA:66,2
DA:67,2
DA:68,2
DA:69,2
DA:70,0
DA:71,0
DA:72,0
DA:73,2
DA:74,1
DA:75,1
DA:76,1
DA:77,1
DA:78,1
DA:79,1
DA:80,1
DA:81,0
DA:82,0
DA:83,0
DA:84,1
DA:85,1
DA:86,1
DA:87,1
DA:88,1
DA:89,1
DA:90,1
DA:91,1
DA:92,1
DA:93,0
DA:94,0
DA:95,1
DA:96,1
DA:97,1
DA:98,1
DA:99,1
DA:100,1
LF:100
LH:90
BRDA:2,0,0,16
BRDA:3,1,0,15
BRDA:3,2,0,0
BRDA:4,3,0,16
BRDA:5,4,0,15
BRDA:5,5,0,0
BRDA:7,6,0,30
BRDA:7,7,0,15
BRDA:7,8,0,15
BRDA:16,9,0,10
BRDA:27,10,0,3
BRDA:28,11,0,3
BRDA:42,12,0,2
BRDA:48,13,0,6
BRDA:49,14,0,6
BRDA:50,15,0,5
BRDA:51,16,0,0
BRDA:53,17,0,5
BRDA:58,18,0,3
BRDA:59,19,0,3
BRDA:65,20,0,2
BRDA:66,21,0,2
BRDA:69,22,0,0
BRDA:76,23,0,1
BRDA:77,24,0,1
BRDA:80,25,0,0
BRDA:86,26,0,1
BRDA:87,27,0,1
BRDA:92,28,0,0
BRF:29
BRH:23
end_of_record
TN:
SF:dist/repositories/posts-repository.js
FN:2,Object.<anonymous>.__awaiter
FN:3,adopt
FN:5,fulfilled
FN:6,rejected
FN:7,step
FN:17,_postMapper
FN:29,createdPostForSpecificBlog
FN:49,updatePost
FN:56,deletePost
FN:63,deleteAllPosts
FNF:10
FNH:7
FNDA:2,Object.<anonymous>.__awaiter
FNDA:3,adopt
FNDA:3,fulfilled
FNDA:0,rejected
FNDA:5,step
FNDA:1,_postMapper
FNDA:1,createdPostForSpecificBlog
FNDA:0,updatePost
FNDA:0,deletePost
FNDA:1,deleteAllPosts
DA:1,1
DA:2,1
DA:3,2
DA:4,2
DA:5,2
DA:6,2
DA:7,2
DA:8,2
DA:9,2
DA:10,2
DA:11,1
DA:12,1
DA:13,1
DA:14,1
DA:15,1
DA:16,1
DA:17,1
DA:18,1
DA:19,1
DA:20,1
DA:21,1
DA:22,1
DA:23,1
DA:24,1
DA:25,1
DA:26,1
DA:27,1
DA:28,1
DA:29,1
DA:30,1
DA:31,1
DA:32,1
DA:33,0
DA:34,0
DA:35,1
DA:36,1
DA:37,1
DA:38,1
DA:39,1
DA:40,1
DA:41,1
DA:42,1
DA:43,1
DA:44,1
DA:45,1
DA:46,1
DA:47,1
DA:48,1
DA:49,1
DA:50,0
DA:51,0
DA:52,0
DA:53,0
DA:54,1
DA:55,1
DA:56,1
DA:57,0
DA:58,0
DA:59,0
DA:60,0
DA:61,1
DA:62,1
DA:63,1
DA:64,1
DA:65,1
DA:66,1
DA:67,1
DA:68,1
DA:69,1
DA:70,0
DA:71,0
DA:72,1
DA:73,1
DA:74,1
LF:74
LH:62
BRDA:2,0,0,2
BRDA:3,1,0,3
BRDA:3,2,0,0
BRDA:4,3,0,2
BRDA:5,4,0,3
BRDA:5,5,0,0
BRDA:7,6,0,5
BRDA:7,7,0,2
BRDA:7,8,0,3
BRDA:17,9,0,1
BRDA:29,10,0,1
BRDA:30,11,0,1
BRDA:32,12,0,0
BRDA:63,13,0,1
BRDA:64,14,0,1
BRDA:69,15,0,0
BRF:16
BRH:12
end_of_record
TN:
SF:dist/routers/blogs-router.js
FN:2,Object.<anonymous>.__awaiter
FN:3,adopt
FN:5,fulfilled
FN:6,rejected
FN:7,step
FNF:5
FNH:5
FNDA:11,Object.<anonymous>.__awaiter
FNDA:11,adopt
FNDA:10,fulfilled
FNDA:1,rejected
FNDA:21,step
DA:1,1
DA:2,1
DA:3,11
DA:4,11
DA:5,11
DA:6,11
DA:7,11
DA:8,11
DA:9,11
DA:10,11
DA:11,1
DA:12,1
DA:13,1
DA:14,1
DA:15,1
DA:16,1
DA:17,1
DA:18,1
DA:19,1
DA:20,1
DA:21,1
DA:22,1
DA:23,1
DA:24,1
DA:25,3
DA:26,3
DA:27,3
DA:28,1
DA:29,1
DA:30,1
DA:31,3
DA:32,3
DA:33,1
DA:34,1
DA:35,1
DA:36,0
DA:37,0
DA:38,0
DA:39,0
DA:40,0
DA:41,0
DA:42,0
DA:43,1
DA:44,1
DA:45,1
DA:46,0
DA:47,0
DA:48,0
DA:49,0
DA:50,0
DA:51,0
DA:52,0
DA:53,0
DA:54,1
DA:55,1
DA:56,1
DA:57,2
DA:58,1
DA:59,2
DA:60,1
DA:61,1
DA:62,1
DA:63,1
DA:64,2
DA:65,2
DA:66,2
DA:67,2
DA:68,0
DA:69,1
DA:70,1
DA:71,1
DA:72,1
DA:73,1
DA:74,1
DA:75,1
DA:76,0
DA:77,1
DA:78,1
DA:79,1
DA:80,1
DA:81,1
LF:81
LH:64
BRDA:2,0,0,11
BRDA:3,1,0,11
BRDA:3,2,0,0
BRDA:4,3,0,11
BRDA:5,4,0,10
BRDA:5,5,0,0
BRDA:6,6,0,1
BRDA:7,7,0,21
BRDA:7,8,0,10
BRDA:7,9,0,11
BRDA:24,10,0,3
BRDA:24,11,0,3
BRDA:30,12,0,3
BRDA:30,13,0,3
BRDA:56,14,0,2
BRDA:56,15,0,2
BRDA:57,16,0,1
BRDA:59,17,0,0
BRDA:59,18,0,1
BRDA:63,19,0,2
BRDA:63,20,0,2
BRDA:67,21,0,0
BRDA:71,22,0,1
BRDA:71,23,0,1
BRDA:75,24,0,0
BRF:25
BRH:20
end_of_record
TN:
SF:dist/routers/posts-router.js
FN:2,Object.<anonymous>.__awaiter
FN:3,adopt
FN:5,fulfilled
FN:6,rejected
FN:7,step
FNF:5
FNH:4
FNDA:2,Object.<anonymous>.__awaiter
FNDA:3,adopt
FNDA:3,fulfilled
FNDA:0,rejected
FNDA:5,step
DA:1,1
DA:2,1
DA:3,2
DA:4,2
DA:5,2
DA:6,2
DA:7,2
DA:8,2
DA:9,2
DA:10,2
DA:11,1
DA:12,1
DA:13,1
DA:14,1
DA:15,1
DA:16,1
DA:17,1
DA:18,1
DA:19,1
DA:20,1
DA:21,1
DA:22,1
DA:23,1
DA:24,0
DA:25,0
DA:26,0
DA:27,0
DA:28,0
DA:29,0
DA:30,1
DA:31,1
DA:32,1
DA:33,1
DA:34,1
DA:35,1
DA:36,1
DA:37,1
DA:38,0
DA:39,0
DA:40,1
DA:41,1
DA:42,1
DA:43,1
DA:44,1
DA:45,1
DA:46,1
DA:47,1
DA:48,1
DA:49,0
DA:50,0
DA:51,0
DA:52,1
DA:53,1
DA:54,1
DA:55,0
DA:56,0
DA:57,0
DA:58,0
DA:59,0
DA:60,0
DA:61,0
DA:62,1
DA:63,1
DA:64,1
DA:65,0
DA:66,0
DA:67,0
DA:68,0
DA:69,0
DA:70,1
LF:70
LH:47
BRDA:2,0,0,2
BRDA:3,1,0,3
BRDA:3,2,0,0
BRDA:4,3,0,2
BRDA:5,4,0,3
BRDA:5,5,0,0
BRDA:7,6,0,5
BRDA:7,7,0,2
BRDA:7,8,0,3
BRDA:32,9,0,1
BRDA:32,10,0,1
BRDA:37,11,0,0
BRDA:44,12,0,1
BRDA:44,13,0,1
BRDA:49,14,0,0
BRF:15
BRH:11
end_of_record
TN:
SF:dist/routers/send-status.js
FNF:0
FNH:0
DA:1,1
DA:2,1
DA:3,1
DA:4,1
DA:5,1
DA:6,1
DA:7,1
DA:8,1
DA:9,1
DA:10,1
DA:11,1
LF:11
LH:11
BRF:0
BRH:0
end_of_record
TN:
SF:dist/routers/testing-router.js
FNF:0
FNH:0
DA:1,1
DA:2,1
DA:3,1
DA:4,1
DA:5,1
DA:6,1
DA:7,1
DA:8,1
DA:9,1
DA:10,1
DA:11,1
DA:12,1
LF:12
LH:12
BRDA:8,0,0,1
BRF:1
BRH:1
end_of_record
TN:
SF:dist/routers/helpers/pagination.js
FN:4,getPaginationFromQuery
FNF:1
FNH:1
FNDA:3,getPaginationFromQuery
DA:1,1
DA:2,1
DA:3,1
DA:4,1
DA:5,3
DA:6,3
DA:7,3
DA:8,3
DA:9,3
DA:10,3
DA:11,3
DA:12,3
DA:13,3
DA:14,0
DA:15,0
DA:16,3
DA:17,0
DA:18,0
DA:19,3
DA:20,0
DA:21,0
DA:22,3
DA:23,0
DA:24,0
DA:25,3
DA:26,0
DA:27,0
DA:28,3
DA:29,3
DA:30,3
DA:31,1
LF:31
LH:21
BRDA:4,0,0,3
BRDA:13,1,0,0
BRDA:16,2,0,0
BRDA:16,3,0,0
BRDA:19,4,0,0
BRDA:19,5,0,0
BRDA:19,6,0,0
BRDA:22,7,0,0
BRDA:22,8,0,0
BRDA:22,9,0,0
BRDA:25,10,0,0
BRF:11
BRH:1
end_of_record
